[2023-09-14 10:09:16] app.INFO: usuario modificado {"user":{"name":"Humberto Duarte","rpe":"9ekby"}} []
[2023-09-14 10:09:16] app.DEBUG: debug message {"full_msg":["Full message"]} []
[2023-09-14 10:09:16] app.ERROR: error al actualizar usuario {"reason":["Sin permisos"]} []
[2023-09-14 10:10:43] app.INFO: usuario modificado {"user":{"name":"Humberto Duarte","rpe":"9ekby"}} []
[2023-09-14 10:10:43] app.DEBUG: debug message {"full_msg":["Full message"]} []
[2023-09-14 10:10:43] app.ERROR: error al actualizar usuario {"reason":["Sin permisos"]} []
[2023-09-14 10:10:43] app.WARNING: error al actualizar usuario {"reason":["Sin permisos"]} []
[2023-09-14 10:11:15] app.INFO: usuario modificado {"user":{"name":"Humberto Duarte","rpe":"9ekby"}} []
[2023-09-14 10:11:15] app.DEBUG: debug message {"full_msg":["Full message"]} []
[2023-09-14 10:11:15] app.ERROR: error al actualizar usuario {"reason":["Sin permisos"]} []
[2023-09-14 10:11:15] app.WARNING: error al actualizar usuario {"reason":["Sin permisos"]} []
[2023-09-14 10:11:21] app.INFO: usuario modificado {"user":{"name":"Humberto Duarte","rpe":"9ekby"}} []
[2023-09-14 10:11:21] app.DEBUG: debug message {"full_msg":["Full message"]} []
[2023-09-14 10:11:21] app.ERROR: error al actualizar usuario {"reason":["Sin permisos"]} []
[2023-09-14 10:11:21] app.WARNING: error al actualizar usuario {"reason":["Sin permisos"]} []
[2023-09-14 10:11:49] app.INFO: usuario modificado {"user":{"name":"Humberto Duarte","rpe":"9ekby"}} []
[2023-09-14 10:11:49] app.DEBUG: debug message {"full_msg":["Full message"]} []
[2023-09-14 10:11:49] app.ERROR: error al actualizar usuario {"reason":["Sin permisos"]} []
[2023-09-14 10:11:59] app.INFO: usuario modificado {"user":{"name":"Humberto Duarte","rpe":"9ekby"}} []
[2023-09-14 10:11:59] app.DEBUG: debug message {"full_msg":["Full message"]} []
[2023-09-14 10:11:59] app.ERROR: error al actualizar usuario {"reason":["Sin permisos"]} []
[2023-09-14 10:12:16] app.INFO: usuario modificado {"user":{"name":"Humberto Duarte","rpe":"9ekby"}} []
[2023-09-14 10:12:16] app.DEBUG: debug message {"full_msg":["Full message"]} []
[2023-09-14 10:12:16] app.ERROR: error al actualizar usuario {"reason":["Sin permisos"]} []
[2023-09-14 10:12:18] app.INFO: usuario modificado {"user":{"name":"Humberto Duarte","rpe":"9ekby"}} []
[2023-09-14 10:12:18] app.DEBUG: debug message {"full_msg":["Full message"]} []
[2023-09-14 10:12:18] app.ERROR: error al actualizar usuario {"reason":["Sin permisos"]} []
[2023-09-14 10:12:25] app.INFO: usuario modificado {"user":{"name":"Humberto Duarte","rpe":"9ekby"}} []
[2023-09-14 10:12:25] app.DEBUG: debug message {"full_msg":["Full message"]} []
[2023-09-14 10:12:25] app.ERROR: error al actualizar usuario {"reason":["Sin permisos"]} []
[2023-09-14 10:12:25] app.WARNING: warning message [] []
[2023-09-14 10:12:25] app.CRITICAL: mensaje critico [] []
[2023-09-14 10:12:46] app.INFO: usuario modificado {"user":{"name":"Humberto Duarte","rpe":"9ekby"}} []
[2023-09-14 10:12:46] app.DEBUG: debug message {"full_msg":["Full message"]} []
[2023-09-14 10:12:46] app.ERROR: error al actualizar usuario {"reason":["Sin permisos"]} []
[2023-09-14 10:12:46] app.WARNING: warning message [] []
[2023-09-14 10:12:46] app.CRITICAL: mensaje critico [] []
[2023-09-14 10:12:47] app.INFO: usuario modificado {"user":{"name":"Humberto Duarte","rpe":"9ekby"}} []
[2023-09-14 10:12:47] app.DEBUG: debug message {"full_msg":["Full message"]} []
[2023-09-14 10:12:47] app.ERROR: error al actualizar usuario {"reason":["Sin permisos"]} []
[2023-09-14 10:12:47] app.WARNING: warning message [] []
[2023-09-14 10:12:47] app.CRITICAL: mensaje critico [] []
[2023-09-14 10:13:49] app.INFO: usuario modificado {"user":{"name":"Humberto Duarte","rpe":"9ekby"}} []
[2023-09-14 10:13:49] app.DEBUG: debug message {"full_msg":["Full message"]} []
[2023-09-14 10:13:49] app.ERROR: error al actualizar usuario {"reason":["Sin permisos"]} []
[2023-09-14 10:13:49] app.WARNING: warning message [] []
[2023-09-14 10:13:49] app.CRITICAL: mensaje critico [] []
[2023-09-14 10:13:50] app.INFO: usuario modificado {"user":{"name":"Humberto Duarte","rpe":"9ekby"}} []
[2023-09-14 10:13:50] app.DEBUG: debug message {"full_msg":["Full message"]} []
[2023-09-14 10:13:50] app.ERROR: error al actualizar usuario {"reason":["Sin permisos"]} []
[2023-09-14 10:13:50] app.WARNING: warning message [] []
[2023-09-14 10:13:50] app.CRITICAL: mensaje critico [] []
[2023-09-14 10:17:30] app.INFO: usuario modificado {"user":{"name":"Humberto Duarte","rpe":"9ekby"}} []
[2023-09-14 10:17:30] app.DEBUG: debug message {"full_msg":["Full message"]} []
[2023-09-14 10:17:30] app.ERROR: error al actualizar usuario {"reason":["Sin permisos"]} []
[2023-09-14 10:17:30] app.WARNING: warning message [] []
[2023-09-14 10:17:30] app.CRITICAL: mensaje critico [] []
[2023-09-14 10:17:32] app.INFO: usuario modificado {"user":{"name":"Humberto Duarte","rpe":"9ekby"}} []
[2023-09-14 10:17:32] app.DEBUG: debug message {"full_msg":["Full message"]} []
[2023-09-14 10:17:32] app.ERROR: error al actualizar usuario {"reason":["Sin permisos"]} []
[2023-09-14 10:17:32] app.WARNING: warning message [] []
[2023-09-14 10:17:32] app.CRITICAL: mensaje critico [] []
[2023-09-14 10:17:34] app.INFO: usuario modificado {"user":{"name":"Humberto Duarte","rpe":"9ekby"}} []
[2023-09-14 10:17:34] app.DEBUG: debug message {"full_msg":["Full message"]} []
[2023-09-14 10:17:34] app.ERROR: error al actualizar usuario {"reason":["Sin permisos"]} []
[2023-09-14 10:17:34] app.WARNING: warning message [] []
[2023-09-14 10:17:34] app.CRITICAL: mensaje critico [] []
2023-09-14 10:18:37 > INFO > usuario modificado {"user":{"name":"Humberto Duarte","rpe":"9ekby"}}
2023-09-14 10:18:37 > DEBUG > debug message {"full_msg":["Full message"]}
2023-09-14 10:18:37 > ERROR > error al actualizar usuario {"reason":["Sin permisos"]}
2023-09-14 10:18:37 > WARNING > warning message []
2023-09-14 10:18:37 > CRITICAL > mensaje critico []
2023-09-14 10:19:17 - INFO - usuario modificado {"user":{"name":"Humberto Duarte","rpe":"9ekby"}}
2023-09-14 10:19:17 - DEBUG - debug message {"full_msg":["Full message"]}
2023-09-14 10:19:17 - ERROR - error al actualizar usuario {"reason":["Sin permisos"]}
2023-09-14 10:19:17 - WARNING - warning message []
2023-09-14 10:19:17 - CRITICAL - mensaje critico []
[2023-09-14 10:19:45] [INFO] usuario modificado {"user":{"name":"Humberto Duarte","rpe":"9ekby"}}
[2023-09-14 10:19:45] [DEBUG] debug message {"full_msg":["Full message"]}
[2023-09-14 10:19:45] [ERROR] error al actualizar usuario {"reason":["Sin permisos"]}
[2023-09-14 10:19:45] [WARNING] warning message []
[2023-09-14 10:19:45] [CRITICAL] mensaje critico []
[2023-09-14 10:20:59] [%app_name%] [INFO] usuario modificado {"user":{"name":"Humberto Duarte","rpe":"9ekby"}}
[2023-09-14 10:20:59] [%app_name%] [DEBUG] debug message {"full_msg":["Full message"]}
[2023-09-14 10:20:59] [%app_name%] [ERROR] error al actualizar usuario {"reason":["Sin permisos"]}
[2023-09-14 10:20:59] [%app_name%] [WARNING] warning message []
[2023-09-14 10:20:59] [%app_name%] [CRITICAL] mensaje critico []
[2023-09-14 10:21:05] [%log_name%] [INFO] usuario modificado {"user":{"name":"Humberto Duarte","rpe":"9ekby"}}
[2023-09-14 10:21:05] [%log_name%] [DEBUG] debug message {"full_msg":["Full message"]}
[2023-09-14 10:21:05] [%log_name%] [ERROR] error al actualizar usuario {"reason":["Sin permisos"]}
[2023-09-14 10:21:05] [%log_name%] [WARNING] warning message []
[2023-09-14 10:21:05] [%log_name%] [CRITICAL] mensaje critico []
[2023-09-14 10:21:24] [app] [INFO] usuario modificado {"user":{"name":"Humberto Duarte","rpe":"9ekby"}}
[2023-09-14 10:21:24] [app] [DEBUG] debug message {"full_msg":["Full message"]}
[2023-09-14 10:21:24] [app] [ERROR] error al actualizar usuario {"reason":["Sin permisos"]}
[2023-09-14 10:21:24] [app] [WARNING] warning message []
[2023-09-14 10:21:24] [app] [CRITICAL] mensaje critico []
[2023-09-14 10:22:32] [app] [INFO] usuario modificado {"user":{"name":"Humberto Duarte","rpe":"9ekby"}}
[2023-09-14 10:22:32] [app] [DEBUG] debug message {"full_msg":["Full message"]}
[2023-09-14 10:22:32] [app] [ERROR] error al actualizar usuario {"reason":["Sin permisos"]}
[2023-09-14 10:22:32] [app] [WARNING] warning message []
[2023-09-14 10:22:32] [app] [CRITICAL] mensaje critico []
[2023-09-14 10:22:34] [app] [INFO] usuario modificado {"user":{"name":"Humberto Duarte","rpe":"9ekby"}}
[2023-09-14 10:22:34] [app] [DEBUG] debug message {"full_msg":["Full message"]}
[2023-09-14 10:22:34] [app] [ERROR] error al actualizar usuario {"reason":["Sin permisos"]}
[2023-09-14 10:22:34] [app] [WARNING] warning message []
[2023-09-14 10:22:34] [app] [CRITICAL] mensaje critico []
[2023-09-14 10:22:35] [app] [INFO] usuario modificado {"user":{"name":"Humberto Duarte","rpe":"9ekby"}}
[2023-09-14 10:22:35] [app] [DEBUG] debug message {"full_msg":["Full message"]}
[2023-09-14 10:22:35] [app] [ERROR] error al actualizar usuario {"reason":["Sin permisos"]}
[2023-09-14 10:22:35] [app] [WARNING] warning message []
[2023-09-14 10:22:35] [app] [CRITICAL] mensaje critico []
[2023-09-14 10:22:36] [app] [INFO] usuario modificado {"user":{"name":"Humberto Duarte","rpe":"9ekby"}}
[2023-09-14 10:22:36] [app] [DEBUG] debug message {"full_msg":["Full message"]}
[2023-09-14 10:22:36] [app] [ERROR] error al actualizar usuario {"reason":["Sin permisos"]}
[2023-09-14 10:22:36] [app] [WARNING] warning message []
[2023-09-14 10:22:36] [app] [CRITICAL] mensaje critico []
[2023-09-14 10:22:36] [app] [INFO] usuario modificado {"user":{"name":"Humberto Duarte","rpe":"9ekby"}}
[2023-09-14 10:22:36] [app] [DEBUG] debug message {"full_msg":["Full message"]}
[2023-09-14 10:22:36] [app] [ERROR] error al actualizar usuario {"reason":["Sin permisos"]}
[2023-09-14 10:22:36] [app] [WARNING] warning message []
[2023-09-14 10:22:36] [app] [CRITICAL] mensaje critico []
[2023-09-14 10:22:37] [app] [INFO] usuario modificado {"user":{"name":"Humberto Duarte","rpe":"9ekby"}}
[2023-09-14 10:22:37] [app] [DEBUG] debug message {"full_msg":["Full message"]}
[2023-09-14 10:22:37] [app] [ERROR] error al actualizar usuario {"reason":["Sin permisos"]}
[2023-09-14 10:22:37] [app] [WARNING] warning message []
[2023-09-14 10:22:37] [app] [CRITICAL] mensaje critico []
[2023-09-14 10:22:38] [app] [INFO] usuario modificado {"user":{"name":"Humberto Duarte","rpe":"9ekby"}}
[2023-09-14 10:22:38] [app] [DEBUG] debug message {"full_msg":["Full message"]}
[2023-09-14 10:22:38] [app] [ERROR] error al actualizar usuario {"reason":["Sin permisos"]}
[2023-09-14 10:22:38] [app] [WARNING] warning message []
[2023-09-14 10:22:38] [app] [CRITICAL] mensaje critico []
[2023-09-14 10:23:03] [app] [INFO] usuario modificado {"user":{"name":"Humberto Duarte","rpe":"9ekby"}}
[2023-09-14 10:23:03] [app] [DEBUG] debug message {"full_msg":["Full message"]}
[2023-09-14 10:23:03] [app] [ERROR] error al actualizar usuario {"reason":"Sin permisos"}
[2023-09-14 10:23:03] [app] [WARNING] warning message []
[2023-09-14 10:23:03] [app] [CRITICAL] mensaje critico []
[2023-09-14 10:24:03] [app] [INFO] usuario modificado {"user":{"name":"Humberto Duarte","rpe":"9ekby"}}
[2023-09-14 10:24:03] [app] [DEBUG] debug message {"full_msg":["Full message"]}
[2023-09-14 10:24:03] [app] [ERROR] error al actualizar usuario {"reason":"Sin permisos"}
[2023-09-14 10:24:03] [app] [WARNING] warning message []
[2023-09-14 10:24:03] [app] [CRITICAL] mensaje critico []
